{"name":"Eliminar Web Tables","id":"eliminar-web-tables;eliminar-web-tables","testSteps":[{"number":1,"description":"Given que el abre pagina ToolsQA","duration":13854,"startTime":"2022-07-03T16:05:07.546-05:00[America/Bogota]","exception":{"errorType":"net.thucydides.core.webdriver.exceptions.ElementShouldBeEnabledException","message":"Expected enabled element was not enabled","stackTrace":[{"declaringClass":"co.com.testQA21feb.tasks.IntroDemoSite","methodName":"performAs","fileName":"IntroDemoSite.java","lineNumber":18},{"declaringClass":"co.com.testQA21feb.stepdefinitions.webtables.WebTableStep","methodName":"queDavidAbrePagina","fileName":"WebTableStep.java","lineNumber":18},{"declaringClass":"cucumber.runner.Runner","methodName":"runPickle","fileName":"Runner.java","lineNumber":80}],"rootCause":{"errorType":"org.openqa.selenium.TimeoutException","message":"Expected condition failed: waiting for By.xpath: (//*[contains(text(),\u0027Demo Site\u0027)])[1] to be enabled (tried for 10 second(s) with 100 milliseconds interval)","stackTrace":[{"declaringClass":"co.com.testQA21feb.tasks.IntroDemoSite","methodName":"performAs","fileName":"IntroDemoSite.java","lineNumber":18},{"declaringClass":"co.com.testQA21feb.stepdefinitions.webtables.WebTableStep","methodName":"queDavidAbrePagina","fileName":"WebTableStep.java","lineNumber":18},{"declaringClass":"cucumber.runner.Runner","methodName":"runPickle","fileName":"Runner.java","lineNumber":80}],"rootCause":{"errorType":"org.openqa.selenium.NoSuchElementException","message":"no such element: Unable to locate element: {\"method\":\"xpath\",\"selector\":\"(//*[contains(text(),\u0027Demo Site\u0027)])[1]\"}\n  (Session info: chrome\u003d103.0.5060.66)\nFor documentation on this error, please visit: https://www.seleniumhq.org/exceptions/no_such_element.html\nBuild info: version: \u00273.141.59\u0027, revision: \u0027e82be7d358\u0027, time: \u00272018-11-14T08:17:03\u0027\nSystem info: host: \u0027PSLT6411\u0027, ip: \u0027192.168.1.28\u0027, os.name: \u0027Windows 10\u0027, os.arch: \u0027amd64\u0027, os.version: \u002710.0\u0027, java.version: \u00271.8.0_281\u0027\nDriver info: org.openqa.selenium.chrome.ChromeDriver\nCapabilities {acceptInsecureCerts: false, browserName: chrome, browserVersion: 103.0.5060.66, chrome: {chromedriverVersion: 103.0.5060.53 (a1711811edd7..., userDataDir: C:\\Users\\DECARA~1\\AppData\\L...}, goog:chromeOptions: {debuggerAddress: localhost:53230}, javascriptEnabled: true, networkConnectionEnabled: false, pageLoadStrategy: normal, platform: WINDOWS, platformName: WINDOWS, proxy: Proxy(), setWindowRect: true, strictFileInteractability: false, timeouts: {implicit: 0, pageLoad: 300000, script: 30000}, unhandledPromptBehavior: dismiss and notify, webauthn:extension:credBlob: true, webauthn:extension:largeBlob: true, webauthn:virtualAuthenticators: true}\nSession ID: 87f6a1e213ceb42d24dab17fa5651865\n*** Element info: {Using\u003dxpath, value\u003d(//*[contains(text(),\u0027Demo Site\u0027)])[1]}","stackTrace":[{"declaringClass":"co.com.testQA21feb.tasks.IntroDemoSite","methodName":"performAs","fileName":"IntroDemoSite.java","lineNumber":18},{"declaringClass":"co.com.testQA21feb.stepdefinitions.webtables.WebTableStep","methodName":"queDavidAbrePagina","fileName":"WebTableStep.java","lineNumber":18},{"declaringClass":"cucumber.runner.Runner","methodName":"runPickle","fileName":"Runner.java","lineNumber":80}]}}},"result":"FAILURE","precondition":false,"level":0,"lineNumber":0,"children":[{"number":2,"description":"David home page","duration":3038,"startTime":"2022-07-03T16:05:07.917-05:00[America/Bogota]","screenshots":[{"screenshot":"aae3b6a850034cac98f216c7c3fd366694d8323a9771c77ffee4e580bff28291.png","timeStamp":1656882310955}],"result":"SUCCESS","precondition":false,"level":1,"lineNumber":0,"children":[{"number":3,"description":"David opens the https://www.toolsqa.com/","duration":3004,"startTime":"2022-07-03T16:05:07.934-05:00[America/Bogota]","screenshots":[{"screenshot":"aae3b6a850034cac98f216c7c3fd366694d8323a9771c77ffee4e580bff28291.png","timeStamp":1656882310937}],"result":"SUCCESS","precondition":false,"level":2,"lineNumber":0}]},{"number":4,"description":"David intro demo site","duration":10425,"startTime":"2022-07-03T16:05:10.963-05:00[America/Bogota]","exception":{"errorType":"net.thucydides.core.webdriver.exceptions.ElementShouldBeEnabledException","message":"Expected enabled element was not enabled","stackTrace":[{"declaringClass":"co.com.testQA21feb.tasks.IntroDemoSite","methodName":"performAs","fileName":"IntroDemoSite.java","lineNumber":18},{"declaringClass":"co.com.testQA21feb.stepdefinitions.webtables.WebTableStep","methodName":"queDavidAbrePagina","fileName":"WebTableStep.java","lineNumber":18},{"declaringClass":"cucumber.runner.Runner","methodName":"runPickle","fileName":"Runner.java","lineNumber":80}],"rootCause":{"errorType":"org.openqa.selenium.TimeoutException","message":"Expected condition failed: waiting for By.xpath: (//*[contains(text(),\u0027Demo Site\u0027)])[1] to be enabled (tried for 10 second(s) with 100 milliseconds interval)","stackTrace":[{"declaringClass":"co.com.testQA21feb.tasks.IntroDemoSite","methodName":"performAs","fileName":"IntroDemoSite.java","lineNumber":18},{"declaringClass":"co.com.testQA21feb.stepdefinitions.webtables.WebTableStep","methodName":"queDavidAbrePagina","fileName":"WebTableStep.java","lineNumber":18},{"declaringClass":"cucumber.runner.Runner","methodName":"runPickle","fileName":"Runner.java","lineNumber":80}],"rootCause":{"errorType":"org.openqa.selenium.NoSuchElementException","message":"no such element: Unable to locate element: {\"method\":\"xpath\",\"selector\":\"(//*[contains(text(),\u0027Demo Site\u0027)])[1]\"}\n  (Session info: chrome\u003d103.0.5060.66)\nFor documentation on this error, please visit: https://www.seleniumhq.org/exceptions/no_such_element.html\nBuild info: version: \u00273.141.59\u0027, revision: \u0027e82be7d358\u0027, time: \u00272018-11-14T08:17:03\u0027\nSystem info: host: \u0027PSLT6411\u0027, ip: \u0027192.168.1.28\u0027, os.name: \u0027Windows 10\u0027, os.arch: \u0027amd64\u0027, os.version: \u002710.0\u0027, java.version: \u00271.8.0_281\u0027\nDriver info: org.openqa.selenium.chrome.ChromeDriver\nCapabilities {acceptInsecureCerts: false, browserName: chrome, browserVersion: 103.0.5060.66, chrome: {chromedriverVersion: 103.0.5060.53 (a1711811edd7..., userDataDir: C:\\Users\\DECARA~1\\AppData\\L...}, goog:chromeOptions: {debuggerAddress: localhost:53230}, javascriptEnabled: true, networkConnectionEnabled: false, pageLoadStrategy: normal, platform: WINDOWS, platformName: WINDOWS, proxy: Proxy(), setWindowRect: true, strictFileInteractability: false, timeouts: {implicit: 0, pageLoad: 300000, script: 30000}, unhandledPromptBehavior: dismiss and notify, webauthn:extension:credBlob: true, webauthn:extension:largeBlob: true, webauthn:virtualAuthenticators: true}\nSession ID: 87f6a1e213ceb42d24dab17fa5651865\n*** Element info: {Using\u003dxpath, value\u003d(//*[contains(text(),\u0027Demo Site\u0027)])[1]}","stackTrace":[{"declaringClass":"co.com.testQA21feb.tasks.IntroDemoSite","methodName":"performAs","fileName":"IntroDemoSite.java","lineNumber":18},{"declaringClass":"co.com.testQA21feb.stepdefinitions.webtables.WebTableStep","methodName":"queDavidAbrePagina","fileName":"WebTableStep.java","lineNumber":18},{"declaringClass":"cucumber.runner.Runner","methodName":"runPickle","fileName":"Runner.java","lineNumber":80}]}}},"result":"FAILURE","precondition":false,"level":1,"lineNumber":0,"children":[{"number":5,"description":"David clicks on Boton de DEMO SITE","duration":10384,"startTime":"2022-07-03T16:05:10.994-05:00[America/Bogota]","screenshots":[{"screenshot":"bc1bd17a0daf75273369af166dcd24dbe2175f5c3167ec8226f6b2e7fe564a35.png","htmlSource":"pagesource9082682023500358767.html.txt","timeStamp":1656882321370}],"exception":{"errorType":"net.thucydides.core.webdriver.exceptions.ElementShouldBeEnabledException","message":"Expected enabled element was not enabled","stackTrace":[{"declaringClass":"co.com.testQA21feb.tasks.IntroDemoSite","methodName":"performAs","fileName":"IntroDemoSite.java","lineNumber":18},{"declaringClass":"co.com.testQA21feb.stepdefinitions.webtables.WebTableStep","methodName":"queDavidAbrePagina","fileName":"WebTableStep.java","lineNumber":18},{"declaringClass":"cucumber.runner.Runner","methodName":"runPickle","fileName":"Runner.java","lineNumber":80}],"rootCause":{"errorType":"org.openqa.selenium.TimeoutException","message":"Expected condition failed: waiting for By.xpath: (//*[contains(text(),\u0027Demo Site\u0027)])[1] to be enabled (tried for 10 second(s) with 100 milliseconds interval)","stackTrace":[{"declaringClass":"co.com.testQA21feb.tasks.IntroDemoSite","methodName":"performAs","fileName":"IntroDemoSite.java","lineNumber":18},{"declaringClass":"co.com.testQA21feb.stepdefinitions.webtables.WebTableStep","methodName":"queDavidAbrePagina","fileName":"WebTableStep.java","lineNumber":18},{"declaringClass":"cucumber.runner.Runner","methodName":"runPickle","fileName":"Runner.java","lineNumber":80}],"rootCause":{"errorType":"org.openqa.selenium.NoSuchElementException","message":"no such element: Unable to locate element: {\"method\":\"xpath\",\"selector\":\"(//*[contains(text(),\u0027Demo Site\u0027)])[1]\"}\n  (Session info: chrome\u003d103.0.5060.66)\nFor documentation on this error, please visit: https://www.seleniumhq.org/exceptions/no_such_element.html\nBuild info: version: \u00273.141.59\u0027, revision: \u0027e82be7d358\u0027, time: \u00272018-11-14T08:17:03\u0027\nSystem info: host: \u0027PSLT6411\u0027, ip: \u0027192.168.1.28\u0027, os.name: \u0027Windows 10\u0027, os.arch: \u0027amd64\u0027, os.version: \u002710.0\u0027, java.version: \u00271.8.0_281\u0027\nDriver info: org.openqa.selenium.chrome.ChromeDriver\nCapabilities {acceptInsecureCerts: false, browserName: chrome, browserVersion: 103.0.5060.66, chrome: {chromedriverVersion: 103.0.5060.53 (a1711811edd7..., userDataDir: C:\\Users\\DECARA~1\\AppData\\L...}, goog:chromeOptions: {debuggerAddress: localhost:53230}, javascriptEnabled: true, networkConnectionEnabled: false, pageLoadStrategy: normal, platform: WINDOWS, platformName: WINDOWS, proxy: Proxy(), setWindowRect: true, strictFileInteractability: false, timeouts: {implicit: 0, pageLoad: 300000, script: 30000}, unhandledPromptBehavior: dismiss and notify, webauthn:extension:credBlob: true, webauthn:extension:largeBlob: true, webauthn:virtualAuthenticators: true}\nSession ID: 87f6a1e213ceb42d24dab17fa5651865\n*** Element info: {Using\u003dxpath, value\u003d(//*[contains(text(),\u0027Demo Site\u0027)])[1]}","stackTrace":[{"declaringClass":"co.com.testQA21feb.tasks.IntroDemoSite","methodName":"performAs","fileName":"IntroDemoSite.java","lineNumber":18},{"declaringClass":"co.com.testQA21feb.stepdefinitions.webtables.WebTableStep","methodName":"queDavidAbrePagina","fileName":"WebTableStep.java","lineNumber":18},{"declaringClass":"cucumber.runner.Runner","methodName":"runPickle","fileName":"Runner.java","lineNumber":80}]}}},"result":"FAILURE","precondition":false,"level":2,"lineNumber":0}]}]},{"number":6,"description":"When el elimina Alden de Web Tables","duration":2,"startTime":"2022-07-03T16:05:21.413-05:00[America/Bogota]","result":"SKIPPED","precondition":false,"level":0,"lineNumber":0},{"number":7,"description":"Then se vera mensaje de Web Tables ELIMINADA","duration":2,"startTime":"2022-07-03T16:05:21.415-05:00[America/Bogota]","result":"SKIPPED","precondition":false,"level":0,"lineNumber":0}],"userStory":{"id":"eliminar-web-tables","storyName":"Eliminar Web Tables","path":"src/test/resources/features/webtables.feature","narrative":"  Yo como usuario\n  quiero eliminar Alden de Web Tables\n  para validar xpath","type":"feature"},"featureTag":{"name":"Features/Eliminar Web Tables","type":"feature","displayName":"Features/Eliminar Web Tables"},"title":"Eliminar Web Tables","tags":[{"name":"Eliminar Web Tables","type":"feature","displayName":"Eliminar Web Tables"}],"startTime":"2022-07-03T16:05:07.395-05:00[America/Bogota]","duration":14023,"testFailureCause":{"errorType":"net.thucydides.core.webdriver.exceptions.ElementShouldBeEnabledException","message":"Expected enabled element was not enabled","stackTrace":[{"declaringClass":"co.com.testQA21feb.tasks.IntroDemoSite","methodName":"performAs","fileName":"IntroDemoSite.java","lineNumber":18},{"declaringClass":"co.com.testQA21feb.stepdefinitions.webtables.WebTableStep","methodName":"queDavidAbrePagina","fileName":"WebTableStep.java","lineNumber":18},{"declaringClass":"cucumber.runner.Runner","methodName":"runPickle","fileName":"Runner.java","lineNumber":80}],"rootCause":{"errorType":"org.openqa.selenium.TimeoutException","message":"Expected condition failed: waiting for By.xpath: (//*[contains(text(),\u0027Demo Site\u0027)])[1] to be enabled (tried for 10 second(s) with 100 milliseconds interval)","stackTrace":[{"declaringClass":"co.com.testQA21feb.tasks.IntroDemoSite","methodName":"performAs","fileName":"IntroDemoSite.java","lineNumber":18},{"declaringClass":"co.com.testQA21feb.stepdefinitions.webtables.WebTableStep","methodName":"queDavidAbrePagina","fileName":"WebTableStep.java","lineNumber":18},{"declaringClass":"cucumber.runner.Runner","methodName":"runPickle","fileName":"Runner.java","lineNumber":80}],"rootCause":{"errorType":"org.openqa.selenium.NoSuchElementException","message":"no such element: Unable to locate element: {\"method\":\"xpath\",\"selector\":\"(//*[contains(text(),\u0027Demo Site\u0027)])[1]\"}\n  (Session info: chrome\u003d103.0.5060.66)\nFor documentation on this error, please visit: https://www.seleniumhq.org/exceptions/no_such_element.html\nBuild info: version: \u00273.141.59\u0027, revision: \u0027e82be7d358\u0027, time: \u00272018-11-14T08:17:03\u0027\nSystem info: host: \u0027PSLT6411\u0027, ip: \u0027192.168.1.28\u0027, os.name: \u0027Windows 10\u0027, os.arch: \u0027amd64\u0027, os.version: \u002710.0\u0027, java.version: \u00271.8.0_281\u0027\nDriver info: org.openqa.selenium.chrome.ChromeDriver\nCapabilities {acceptInsecureCerts: false, browserName: chrome, browserVersion: 103.0.5060.66, chrome: {chromedriverVersion: 103.0.5060.53 (a1711811edd7..., userDataDir: C:\\Users\\DECARA~1\\AppData\\L...}, goog:chromeOptions: {debuggerAddress: localhost:53230}, javascriptEnabled: true, networkConnectionEnabled: false, pageLoadStrategy: normal, platform: WINDOWS, platformName: WINDOWS, proxy: Proxy(), setWindowRect: true, strictFileInteractability: false, timeouts: {implicit: 0, pageLoad: 300000, script: 30000}, unhandledPromptBehavior: dismiss and notify, webauthn:extension:credBlob: true, webauthn:extension:largeBlob: true, webauthn:virtualAuthenticators: true}\nSession ID: 87f6a1e213ceb42d24dab17fa5651865\n*** Element info: {Using\u003dxpath, value\u003d(//*[contains(text(),\u0027Demo Site\u0027)])[1]}","stackTrace":[{"declaringClass":"co.com.testQA21feb.tasks.IntroDemoSite","methodName":"performAs","fileName":"IntroDemoSite.java","lineNumber":18},{"declaringClass":"co.com.testQA21feb.stepdefinitions.webtables.WebTableStep","methodName":"queDavidAbrePagina","fileName":"WebTableStep.java","lineNumber":18},{"declaringClass":"cucumber.runner.Runner","methodName":"runPickle","fileName":"Runner.java","lineNumber":80}]}}},"testFailureClassname":"net.thucydides.core.webdriver.exceptions.ElementShouldBeEnabledException","testFailureMessage":"Expected enabled element was not enabled","testFailureSummary":"FAILURE;net.thucydides.core.webdriver.exceptions.ElementShouldBeEnabledException;Expected enabled element was not enabled;IntroDemoSite.java","projectKey":"","annotatedResult":"FAILURE","sessionId":"87f6a1e213ceb42d24dab17fa5651865","driver":"chrome","isManualTestingUpToDate":false,"manual":false,"testSource":"Cucumber","actors":[{"name":"David","can":["browse the web"]}],"result":"FAILURE"}